Tue Aug 10 20:45:53 CEST 2021
MaxEnt version 3.4.1
Reading file Back_swd.csv
readGrid: max memory 536870912, total allocated 264241152, free 253026304, used 11214848, increment 11214848
Reading samples from Sp_swd.csv
Read samples: max memory 536870912, total allocated 264241152, free 242035128, used 22206024, increment 10991176
Making features
makeFeatures: max memory 536870912, total allocated 264241152, free 239423912, used 24817240, increment 2611216
Command line used:  environmentallayers=Aedes.albopictus/models/Aedes.albopictus_FirstModeling/m_53470818/Back_swd.csv samplesfile=Aedes.albopictus/models/Aedes.albopictus_FirstModeling/m_53470818/Sp_swd.csv projectionlayers=Aedes.albopictus/models/Aedes.albopictus_FirstModeling/m_53470818/Predictions/Pred_swd.csv outputdirectory=Aedes.albopictus/models/Aedes.albopictus_FirstModeling/Aedes.albopictus_AllData_RUN4_MAXENT.Phillips_outputs outputformat=logistic redoifexists visible=FALSE linear=TRUE quadratic=TRUE product=TRUE threshold=TRUE hinge=TRUE lq2lqptthreshold=100 l2lqthreshold=100 hingethreshold=15 beta_threshold=-1 beta_categorical=-1 beta_lqp=-1 beta_hinge=-1 betamultiplier=1 defaultprevalence=0.5 autorun nowarnings notooltips noaddsamplestobackground
Command line to repeat: java density.MaxEnt nowarnings noprefixes outputformat=logistic outputdirectory=Aedes.albopictus/models/Aedes.albopictus_FirstModeling/Aedes.albopictus_AllData_RUN4_MAXENT.Phillips_outputs projectionlayers=Aedes.albopictus/models/Aedes.albopictus_FirstModeling/m_53470818/Predictions/Pred_swd.csv samplesfile=Aedes.albopictus/models/Aedes.albopictus_FirstModeling/m_53470818/Sp_swd.csv environmentallayers=Aedes.albopictus/models/Aedes.albopictus_FirstModeling/m_53470818/Back_swd.csv nowarnings notooltips noaskoverwrite threshold noaddsamplestobackground autorun novisible lq2lqptthreshold=100 l2lqthreshold=100
Species: Aedes.albopictus_AllData_RUN4
Layers: avg_autumnal_cooling avg_count_tmean_higher20_lower30 avg_spring_warming median_lower0_consec_days worldclim_bio01 worldclim_bio02 worldclim_bio03 worldclim_bio04 worldclim_bio05 worldclim_bio06 worldclim_bio07 worldclim_bio10 worldclim_bio11
Layertypes: Continuous Continuous Continuous Continuous Continuous Continuous Continuous Continuous Continuous Continuous Continuous Continuous Continuous
outputformat: logistic
outputdirectory: Aedes.albopictus/models/Aedes.albopictus_FirstModeling/Aedes.albopictus_AllData_RUN4_MAXENT.Phillips_outputs
projectionlayers: Aedes.albopictus/models/Aedes.albopictus_FirstModeling/m_53470818/Predictions/Pred_swd.csv
samplesfile: Aedes.albopictus/models/Aedes.albopictus_FirstModeling/m_53470818/Sp_swd.csv
environmentallayers: Aedes.albopictus/models/Aedes.albopictus_FirstModeling/m_53470818/Back_swd.csv
warnings: false
tooltips: false
askoverwrite: false
threshold: true
addsamplestobackground: false
autorun: true
visible: false
lq2lqptthreshold: 100
l2lqthreshold: 100

getSamples: max memory 536870912, total allocated 264241152, free 239423912, used 24817240, increment 0
Aedes.albopictus_AllData_RUN4: 
Regularization values: linear/quadratic/product: 0.131, categorical: 0.250, threshold: 1.380, hinge: 0.500
62 samples
Density: max memory 536870912, total allocated 264241152, free 258964664, used 5276488, increment -19540752
linearPredictor: max memory 536870912, total allocated 264241152, free 258964664, used 5276488, increment 0
FeaturedSpace: max memory 536870912, total allocated 264241152, free 258964664, used 5276488, increment 0
Sequential: max memory 536870912, total allocated 264241152, free 258964664, used 5276488, increment 0
Initial loss: 6.684611727667927
500: time = 0.688000 loss = 5.781363
Resulting gain: 0.903249207675068
Time since start: 2.568
Projecting...
Writing file Aedes.albopictus/models/Aedes.albopictus_FirstModeling/Aedes.albopictus_AllData_RUN4_MAXENT.Phillips_outputs/Aedes.albopictus_AllData_RUN4.csv
Projecting...
Reading file Pred_swd.csv
readGrid: max memory 536870912, total allocated 264241152, free 212038496, used 52202656, increment 46926168
Writing file Aedes.albopictus/models/Aedes.albopictus_FirstModeling/Aedes.albopictus_AllData_RUN4_MAXENT.Phillips_outputs/Aedes.albopictus_AllData_RUN4_Pred_swd.csv
Writing file Aedes.albopictus/models/Aedes.albopictus_FirstModeling/Aedes.albopictus_AllData_RUN4_MAXENT.Phillips_outputs/Aedes.albopictus_AllData_RUN4_Pred_swd_clamping.csv
Ending
