Tue Aug 31 23:30:26 CEST 2021
MaxEnt version 3.4.1
Reading file Back_swd.csv
readGrid: max memory 536870912, total allocated 264241152, free 253026304, used 11214848, increment 11214848
Reading samples from Sp_swd.csv
Read samples: max memory 536870912, total allocated 264241152, free 242035160, used 22205992, increment 10991144
Making features
makeFeatures: max memory 536870912, total allocated 264241152, free 239423912, used 24817240, increment 2611248
Command line used:  environmentallayers=Aedes.albopictus/models/Aedes.albopictus_Habitat_Suitability/m_26407208/Back_swd.csv samplesfile=Aedes.albopictus/models/Aedes.albopictus_Habitat_Suitability/m_26407208/Sp_swd.csv projectionlayers=Aedes.albopictus/models/Aedes.albopictus_Habitat_Suitability/m_26407208/Predictions/Pred_swd.csv outputdirectory=Aedes.albopictus/models/Aedes.albopictus_Habitat_Suitability/Aedes.albopictus_AllData_RUN5_MAXENT.Phillips_outputs outputformat=logistic redoifexists visible=FALSE linear=TRUE quadratic=TRUE product=TRUE threshold=TRUE hinge=TRUE lq2lqptthreshold=100 l2lqthreshold=100 hingethreshold=15 beta_threshold=-1 beta_categorical=-1 beta_lqp=-1 beta_hinge=-1 betamultiplier=1 defaultprevalence=0.5 autorun nowarnings notooltips noaddsamplestobackground
Command line to repeat: java density.MaxEnt nowarnings noprefixes outputformat=logistic outputdirectory=Aedes.albopictus/models/Aedes.albopictus_Habitat_Suitability/Aedes.albopictus_AllData_RUN5_MAXENT.Phillips_outputs projectionlayers=Aedes.albopictus/models/Aedes.albopictus_Habitat_Suitability/m_26407208/Predictions/Pred_swd.csv samplesfile=Aedes.albopictus/models/Aedes.albopictus_Habitat_Suitability/m_26407208/Sp_swd.csv environmentallayers=Aedes.albopictus/models/Aedes.albopictus_Habitat_Suitability/m_26407208/Back_swd.csv nowarnings notooltips noaskoverwrite threshold noaddsamplestobackground autorun novisible lq2lqptthreshold=100 l2lqthreshold=100
Species: Aedes.albopictus_AllData_RUN5
Layers: avg_autumnal_cooling avg_count_tmean_higher20_lower30 avg_spring_warming median_lower_m2_consec_days worldclim_bio01 worldclim_bio02 worldclim_bio03 worldclim_bio04 worldclim_bio05 worldclim_bio06 worldclim_bio07 worldclim_bio10 worldclim_bio11
Layertypes: Continuous Continuous Continuous Continuous Continuous Continuous Continuous Continuous Continuous Continuous Continuous Continuous Continuous
outputformat: logistic
outputdirectory: Aedes.albopictus/models/Aedes.albopictus_Habitat_Suitability/Aedes.albopictus_AllData_RUN5_MAXENT.Phillips_outputs
projectionlayers: Aedes.albopictus/models/Aedes.albopictus_Habitat_Suitability/m_26407208/Predictions/Pred_swd.csv
samplesfile: Aedes.albopictus/models/Aedes.albopictus_Habitat_Suitability/m_26407208/Sp_swd.csv
environmentallayers: Aedes.albopictus/models/Aedes.albopictus_Habitat_Suitability/m_26407208/Back_swd.csv
warnings: false
tooltips: false
askoverwrite: false
threshold: true
addsamplestobackground: false
autorun: true
visible: false
lq2lqptthreshold: 100
l2lqthreshold: 100

getSamples: max memory 536870912, total allocated 264241152, free 239423912, used 24817240, increment 0
Aedes.albopictus_AllData_RUN5: 
Regularization values: linear/quadratic/product: 0.129, categorical: 0.250, threshold: 1.370, hinge: 0.500
63 samples
Density: max memory 536870912, total allocated 264241152, free 258957648, used 5283504, increment -19533736
linearPredictor: max memory 536870912, total allocated 264241152, free 258957648, used 5283504, increment 0
FeaturedSpace: max memory 536870912, total allocated 264241152, free 258957648, used 5283504, increment 0
Sequential: max memory 536870912, total allocated 264241152, free 258957648, used 5283504, increment 0
Initial loss: 6.684611727667927
500: time = 0.716000 loss = 1.444763
Resulting gain: 5.2398485938154815
Time since start: 2.606
Projecting...
Writing file Aedes.albopictus/models/Aedes.albopictus_Habitat_Suitability/Aedes.albopictus_AllData_RUN5_MAXENT.Phillips_outputs/Aedes.albopictus_AllData_RUN5.csv
Projecting...
Reading file Pred_swd.csv
readGrid: max memory 536870912, total allocated 264241152, free 212991840, used 51249312, increment 45965808
Writing file Aedes.albopictus/models/Aedes.albopictus_Habitat_Suitability/Aedes.albopictus_AllData_RUN5_MAXENT.Phillips_outputs/Aedes.albopictus_AllData_RUN5_Pred_swd.csv
Writing file Aedes.albopictus/models/Aedes.albopictus_Habitat_Suitability/Aedes.albopictus_AllData_RUN5_MAXENT.Phillips_outputs/Aedes.albopictus_AllData_RUN5_Pred_swd_clamping.csv
Ending
